[debug] [2022-10-27T15:39:24.422Z] ----------------------------------------------------------------------
[debug] [2022-10-27T15:39:24.424Z] Command:       /usr/local/bin/firebase /Users/karthik.r/.cache/firebase/tools/lib/node_modules/firebase-tools/lib/bin/firebase init
[debug] [2022-10-27T15:39:24.424Z] CLI Version:   11.15.0
[debug] [2022-10-27T15:39:24.424Z] Platform:      darwin
[debug] [2022-10-27T15:39:24.424Z] Node Version:  v16.16.0
[debug] [2022-10-27T15:39:24.425Z] Time:          Thu Oct 27 2022 10:39:24 GMT-0500 (Central Daylight Time)
[debug] [2022-10-27T15:39:24.426Z] ----------------------------------------------------------------------
[debug] 
[debug] [2022-10-27T15:39:24.437Z] > command requires scopes: ["email","openid","https://www.googleapis.com/auth/cloudplatformprojects.readonly","https://www.googleapis.com/auth/firebase","https://www.googleapis.com/auth/cloud-platform"]
[debug] [2022-10-27T15:39:24.437Z] > authorizing via signed-in user (karthik.r@inventives.ai)
[info] 
     ######## #### ########  ######## ########     ###     ######  ########
     ##        ##  ##     ## ##       ##     ##  ##   ##  ##       ##
     ######    ##  ########  ######   ########  #########  ######  ######
     ##        ##  ##    ##  ##       ##     ## ##     ##       ## ##
     ##       #### ##     ## ######## ########  ##     ##  ######  ########

You're about to initialize a Firebase project in this directory:

  /Users/karthik.r/Desktop/MERN Projects/wanderlee-app deploy/client/build

[info] 
=== Project Setup
[info] 
[info] First, let's associate this project directory with a Firebase project.
[info] You can create multiple project aliases by running firebase use --add, 
[info] but for now we'll just set up a default project.
[info] 
[info] i  If you want to create a project in a Google Cloud organization or folder, please use "firebase projects:create" instead, and return to this command when you've created the project. 
[debug] [2022-10-27T15:39:42.891Z] >>> [apiv2][query] POST https://cloudresourcemanager.googleapis.com/v1/projects [none]
[debug] [2022-10-27T15:39:42.894Z] >>> [apiv2][body] POST https://cloudresourcemanager.googleapis.com/v1/projects {"projectId":"kldfjsldkjfld","name":"wanderleeapplication"}
[debug] [2022-10-27T15:39:43.179Z] <<< [apiv2][status] POST https://cloudresourcemanager.googleapis.com/v1/projects 200
[debug] [2022-10-27T15:39:43.179Z] <<< [apiv2][body] POST https://cloudresourcemanager.googleapis.com/v1/projects {"name":"operations/cp.6985914663634596722"}
[debug] [2022-10-27T15:39:43.181Z] >>> [apiv2][query] GET https://cloudresourcemanager.googleapis.com/v1/operations/cp.6985914663634596722 [none]
[debug] [2022-10-27T15:39:43.648Z] <<< [apiv2][status] GET https://cloudresourcemanager.googleapis.com/v1/operations/cp.6985914663634596722 200
[debug] [2022-10-27T15:39:43.648Z] <<< [apiv2][body] GET https://cloudresourcemanager.googleapis.com/v1/operations/cp.6985914663634596722 {"name":"operations/cp.6985914663634596722"}
[debug] [2022-10-27T15:39:44.151Z] [Project Creation Poller] Retrying task index 0
[debug] [2022-10-27T15:39:44.154Z] >>> [apiv2][query] GET https://cloudresourcemanager.googleapis.com/v1/operations/cp.6985914663634596722 [none]
[debug] [2022-10-27T15:39:44.573Z] <<< [apiv2][status] GET https://cloudresourcemanager.googleapis.com/v1/operations/cp.6985914663634596722 200
[debug] [2022-10-27T15:39:44.574Z] <<< [apiv2][body] GET https://cloudresourcemanager.googleapis.com/v1/operations/cp.6985914663634596722 {"name":"operations/cp.6985914663634596722"}
[debug] [2022-10-27T15:39:45.576Z] [Project Creation Poller] Retrying task index 0
[debug] [2022-10-27T15:39:45.578Z] >>> [apiv2][query] GET https://cloudresourcemanager.googleapis.com/v1/operations/cp.6985914663634596722 [none]
[debug] [2022-10-27T15:39:46.000Z] <<< [apiv2][status] GET https://cloudresourcemanager.googleapis.com/v1/operations/cp.6985914663634596722 200
[debug] [2022-10-27T15:39:46.001Z] <<< [apiv2][body] GET https://cloudresourcemanager.googleapis.com/v1/operations/cp.6985914663634596722 {"name":"operations/cp.6985914663634596722","metadata":{"@type":"type.googleapis.com/google.cloudresourcemanager.v1.ProjectCreationStatus","gettable":true}}
[debug] [2022-10-27T15:39:48.002Z] [Project Creation Poller] Retrying task index 0
[debug] [2022-10-27T15:39:48.007Z] >>> [apiv2][query] GET https://cloudresourcemanager.googleapis.com/v1/operations/cp.6985914663634596722 [none]
[debug] [2022-10-27T15:39:48.461Z] <<< [apiv2][status] GET https://cloudresourcemanager.googleapis.com/v1/operations/cp.6985914663634596722 200
[debug] [2022-10-27T15:39:48.465Z] <<< [apiv2][body] GET https://cloudresourcemanager.googleapis.com/v1/operations/cp.6985914663634596722 {"name":"operations/cp.6985914663634596722","metadata":{"@type":"type.googleapis.com/google.cloudresourcemanager.v1.ProjectCreationStatus","gettable":true,"ready":true},"done":true,"response":{"@type":"type.googleapis.com/google.cloudresourcemanager.v1.Project","projectNumber":"788557133097","projectId":"kldfjsldkjfld","lifecycleState":"ACTIVE","name":"wanderleeapplication","createTime":"2022-10-27T15:39:43.046Z","parent":{"type":"organization","id":"242128069192"}}}
[debug] [2022-10-27T15:39:48.471Z] >>> [apiv2][query] POST https://firebase.googleapis.com/v1beta1/projects/kldfjsldkjfld:addFirebase [none]
[debug] [2022-10-27T15:39:48.975Z] <<< [apiv2][status] POST https://firebase.googleapis.com/v1beta1/projects/kldfjsldkjfld:addFirebase 403
[debug] [2022-10-27T15:39:48.977Z] <<< [apiv2][body] POST https://firebase.googleapis.com/v1beta1/projects/kldfjsldkjfld:addFirebase {"error":{"code":403,"message":"The caller does not have permission","status":"PERMISSION_DENIED"}}
[debug] [2022-10-27T15:39:48.979Z] HTTP Error: 403, The caller does not have permission
[debug] [2022-10-27T15:39:49.040Z] FirebaseError: HTTP Error: 403, The caller does not have permission
    at responseToError (/Users/karthik.r/.cache/firebase/tools/lib/node_modules/firebase-tools/lib/responseToError.js:49:12)
    at RetryOperation._fn (/Users/karthik.r/.cache/firebase/tools/lib/node_modules/firebase-tools/lib/apiv2.js:288:77)
    at processTicksAndRejections (node:internal/process/task_queues:96:5)
[error] 
[error] Error: Failed to add Firebase to Google Cloud Platform project. See firebase-debug.log for more info.
